<?xml version='1.0' encoding='UTF-8'?>
<testsuite hostname="pc" name="task4_multiple_arguments.MultipleArgumentsTest" tests="12" errors="0" failures="0" skipped="0" time="0.008">
                     <properties>
[...]
</properties>
                     <testcase classname="task4_multiple_arguments.MultipleArgumentsTest" name="interp app0" time="0.001">
                                                 
                                               </testcase><testcase classname="task4_multiple_arguments.MultipleArgumentsTest" name="interp app1" time="0.001">
                                                 
                                               </testcase><testcase classname="task4_multiple_arguments.MultipleArgumentsTest" name="interp app2" time="0.001">
                                                 
                                               </testcase><testcase classname="task4_multiple_arguments.MultipleArgumentsTest" name="interp app3" time="0.001">
                                                 
                                               </testcase><testcase classname="task4_multiple_arguments.MultipleArgumentsTest" name="interp let" time="0.0">
                                                 
                                               </testcase><testcase classname="task4_multiple_arguments.MultipleArgumentsTest" name="interp let app2" time="0.001">
                                                 
                                               </testcase><testcase classname="task4_multiple_arguments.MultipleArgumentsTest" name="interp let let app2" time="0.001">
                                                 
                                               </testcase><testcase classname="task4_multiple_arguments.MultipleArgumentsTest" name="interp app, expr in arg" time="0.0">
                                                 
                                               </testcase><testcase classname="task4_multiple_arguments.MultipleArgumentsTest" name="interp app1, let in add" time="0.001">
                                                 
                                               </testcase><testcase classname="task4_multiple_arguments.MultipleArgumentsTest" name="interp app2, let in add, 1" time="0.001">
                                                 
                                               </testcase><testcase classname="task4_multiple_arguments.MultipleArgumentsTest" name="interp app2, let in add, 2" time="0.0">
                                                 
                                               </testcase><testcase classname="task4_multiple_arguments.MultipleArgumentsTest" name="interp complex" time="0.0">
                                                 
                                               </testcase>
                     <system-out><![CDATA[]]></system-out>
                     <system-err><![CDATA[]]></system-err>
                   </testsuite>